CRITICAL - 2024-07-14 09:24:04 --> ErrorException: Undefined variable $pager
[Method: GET, Route: student]
in APPPATH\Views\student_details.php on line 49.
 1 APPPATH\Views\student_details.php(49): CodeIgniter\Debug\Exceptions->errorHandler(2, 'Undefined variable $pager', 'C:\\wamp64\\www\\codeigniter4-framework-be27314\\app\\Views\\student_details.php', 49)
 2 SYSTEMPATH\View\View.php(234): include('C:\\wamp64\\www\\codeigniter4-framework-be27314\\app\\Views\\student_details.php')
 3 SYSTEMPATH\View\View.php(237): CodeIgniter\View\View->CodeIgniter\View\{closure}()
 4 SYSTEMPATH\Common.php(1171): CodeIgniter\View\View->render('student_details', [], true)
 5 APPPATH\Controllers\Student.php(14): view('student_details', [...])
 6 SYSTEMPATH\CodeIgniter.php(933): App\Controllers\Student->index()
 7 SYSTEMPATH\CodeIgniter.php(509): CodeIgniter\CodeIgniter->runController(Object(App\Controllers\Student))
 8 SYSTEMPATH\CodeIgniter.php(355): CodeIgniter\CodeIgniter->handleRequest(null, Object(Config\Cache), false)
 9 SYSTEMPATH\Boot.php(325): CodeIgniter\CodeIgniter->run()
10 SYSTEMPATH\Boot.php(67): CodeIgniter\Boot::runCodeIgniter(Object(CodeIgniter\CodeIgniter))
11 FCPATH\index.php(56): CodeIgniter\Boot::bootWeb(Object(Config\Paths))
12 SYSTEMPATH\rewrite.php(44): require_once('C:\\wamp64\\www\\codeigniter4-framework-be27314\\public\\index.php')
CRITICAL - 2024-07-14 10:32:43 --> ErrorException: Cannot declare class App\Database\Migrations\Students, because the name is already in use
[Method: CLI, Route: migrate:refresh]
in APPPATH\Database\Migrations\2024-07-11-123902_Students.php on line 7.
 1 [internal function]: CodeIgniter\Debug\Exceptions->shutdownHandler()
ERROR - 2024-07-14 10:33:28 --> Error connecting to the database: mysqli_sql_exception: Unknown database 'crude_codeignater' in C:\wamp64\www\codeigniter4-framework-be27314\system\Database\MySQLi\Connection.php:187
Stack trace:
#0 C:\wamp64\www\codeigniter4-framework-be27314\system\Database\MySQLi\Connection.php(187): mysqli->real_connect('localhost', 'root', '', 'crude_codeignat...', 3306, '', 0)
#1 C:\wamp64\www\codeigniter4-framework-be27314\system\Database\BaseConnection.php(421): CodeIgniter\Database\MySQLi\Connection->connect(false)
#2 C:\wamp64\www\codeigniter4-framework-be27314\system\Database\BaseConnection.php(616): CodeIgniter\Database\BaseConnection->initialize()
#3 C:\wamp64\www\codeigniter4-framework-be27314\system\Database\BaseConnection.php(1485): CodeIgniter\Database\BaseConnection->query('SHOW TABLES FRO...')
#4 C:\wamp64\www\codeigniter4-framework-be27314\system\Database\BaseConnection.php(1505): CodeIgniter\Database\BaseConnection->listTables()
#5 C:\wamp64\www\codeigniter4-framework-be27314\system\Database\MigrationRunner.php(759): CodeIgniter\Database\BaseConnection->tableExists('migrations')
#6 C:\wamp64\www\codeigniter4-framework-be27314\system\Database\MigrationRunner.php(163): CodeIgniter\Database\MigrationRunner->ensureTable()
#7 C:\wamp64\www\codeigniter4-framework-be27314\system\Commands\Database\Migrate.php(85): CodeIgniter\Database\MigrationRunner->latest(NULL)
#8 C:\wamp64\www\codeigniter4-framework-be27314\system\CLI\Commands.php(70): CodeIgniter\Commands\Database\Migrate->run(Array)
#9 C:\wamp64\www\codeigniter4-framework-be27314\system\CLI\Console.php(48): CodeIgniter\CLI\Commands->run('migrate', Array)
#10 C:\wamp64\www\codeigniter4-framework-be27314\system\Boot.php(351): CodeIgniter\CLI\Console->run()
#11 C:\wamp64\www\codeigniter4-framework-be27314\system\Boot.php(104): CodeIgniter\Boot::runCommand(Object(CodeIgniter\CLI\Console))
#12 C:\wamp64\www\codeigniter4-framework-be27314\spark(84): CodeIgniter\Boot::bootSpark(Object(Config\Paths))
#13 {main}

Next CodeIgniter\Database\Exceptions\DatabaseException: Unknown database 'crude_codeignater' in C:\wamp64\www\codeigniter4-framework-be27314\system\Database\MySQLi\Connection.php:231
Stack trace:
#0 C:\wamp64\www\codeigniter4-framework-be27314\system\Database\BaseConnection.php(421): CodeIgniter\Database\MySQLi\Connection->connect(false)
#1 C:\wamp64\www\codeigniter4-framework-be27314\system\Database\BaseConnection.php(616): CodeIgniter\Database\BaseConnection->initialize()
#2 C:\wamp64\www\codeigniter4-framework-be27314\system\Database\BaseConnection.php(1485): CodeIgniter\Database\BaseConnection->query('SHOW TABLES FRO...')
#3 C:\wamp64\www\codeigniter4-framework-be27314\system\Database\BaseConnection.php(1505): CodeIgniter\Database\BaseConnection->listTables()
#4 C:\wamp64\www\codeigniter4-framework-be27314\system\Database\MigrationRunner.php(759): CodeIgniter\Database\BaseConnection->tableExists('migrations')
#5 C:\wamp64\www\codeigniter4-framework-be27314\system\Database\MigrationRunner.php(163): CodeIgniter\Database\MigrationRunner->ensureTable()
#6 C:\wamp64\www\codeigniter4-framework-be27314\system\Commands\Database\Migrate.php(85): CodeIgniter\Database\MigrationRunner->latest(NULL)
#7 C:\wamp64\www\codeigniter4-framework-be27314\system\CLI\Commands.php(70): CodeIgniter\Commands\Database\Migrate->run(Array)
#8 C:\wamp64\www\codeigniter4-framework-be27314\system\CLI\Console.php(48): CodeIgniter\CLI\Commands->run('migrate', Array)
#9 C:\wamp64\www\codeigniter4-framework-be27314\system\Boot.php(351): CodeIgniter\CLI\Console->run()
#10 C:\wamp64\www\codeigniter4-framework-be27314\system\Boot.php(104): CodeIgniter\Boot::runCommand(Object(CodeIgniter\CLI\Console))
#11 C:\wamp64\www\codeigniter4-framework-be27314\spark(84): CodeIgniter\Boot::bootSpark(Object(Config\Paths))
#12 {main}
CRITICAL - 2024-07-14 10:33:54 --> ErrorException: Cannot declare class App\Database\Migrations\Students, because the name is already in use
[Method: CLI, Route: migrate]
in APPPATH\Database\Migrations\2024-07-11-124000_Students.php on line 7.
 1 [internal function]: CodeIgniter\Debug\Exceptions->shutdownHandler()
CRITICAL - 2024-07-14 10:45:03 --> ErrorException: Undefined variable $status
[Method: GET, Route: student]
in APPPATH\Views\student_details.php on line 19.
 1 APPPATH\Views\student_details.php(19): CodeIgniter\Debug\Exceptions->errorHandler(2, 'Undefined variable $status', 'C:\\wamp64\\www\\codeigniter4-framework-be27314\\app\\Views\\student_details.php', 19)
 2 SYSTEMPATH\View\View.php(234): include('C:\\wamp64\\www\\codeigniter4-framework-be27314\\app\\Views\\student_details.php')
 3 SYSTEMPATH\View\View.php(237): CodeIgniter\View\View->CodeIgniter\View\{closure}()
 4 SYSTEMPATH\Common.php(1171): CodeIgniter\View\View->render('student_details', [], true)
 5 APPPATH\Controllers\Student.php(14): view('student_details', [...])
 6 SYSTEMPATH\CodeIgniter.php(933): App\Controllers\Student->index()
 7 SYSTEMPATH\CodeIgniter.php(509): CodeIgniter\CodeIgniter->runController(Object(App\Controllers\Student))
 8 SYSTEMPATH\CodeIgniter.php(355): CodeIgniter\CodeIgniter->handleRequest(null, Object(Config\Cache), false)
 9 SYSTEMPATH\Boot.php(325): CodeIgniter\CodeIgniter->run()
10 SYSTEMPATH\Boot.php(67): CodeIgniter\Boot::runCodeIgniter(Object(CodeIgniter\CodeIgniter))
11 FCPATH\index.php(56): CodeIgniter\Boot::bootWeb(Object(Config\Paths))
12 SYSTEMPATH\rewrite.php(44): require_once('C:\\wamp64\\www\\codeigniter4-framework-be27314\\public\\index.php')
CRITICAL - 2024-07-14 10:46:54 --> ErrorException: Undefined variable $status
[Method: GET, Route: student]
in APPPATH\Views\student_details.php on line 19.
 1 APPPATH\Views\student_details.php(19): CodeIgniter\Debug\Exceptions->errorHandler(2, 'Undefined variable $status', 'C:\\wamp64\\www\\codeigniter4-framework-be27314\\app\\Views\\student_details.php', 19)
 2 SYSTEMPATH\View\View.php(234): include('C:\\wamp64\\www\\codeigniter4-framework-be27314\\app\\Views\\student_details.php')
 3 SYSTEMPATH\View\View.php(237): CodeIgniter\View\View->CodeIgniter\View\{closure}()
 4 SYSTEMPATH\Common.php(1171): CodeIgniter\View\View->render('student_details', [], true)
 5 APPPATH\Controllers\Student.php(14): view('student_details', [...])
 6 SYSTEMPATH\CodeIgniter.php(933): App\Controllers\Student->index()
 7 SYSTEMPATH\CodeIgniter.php(509): CodeIgniter\CodeIgniter->runController(Object(App\Controllers\Student))
 8 SYSTEMPATH\CodeIgniter.php(355): CodeIgniter\CodeIgniter->handleRequest(null, Object(Config\Cache), false)
 9 SYSTEMPATH\Boot.php(325): CodeIgniter\CodeIgniter->run()
10 SYSTEMPATH\Boot.php(67): CodeIgniter\Boot::runCodeIgniter(Object(CodeIgniter\CodeIgniter))
11 FCPATH\index.php(56): CodeIgniter\Boot::bootWeb(Object(Config\Paths))
12 SYSTEMPATH\rewrite.php(44): require_once('C:\\wamp64\\www\\codeigniter4-framework-be27314\\public\\index.php')
